# JRE version: OpenJDK Runtime Environment (8.0_242-b01) (build 1.8.0_242-release-1644-b01)
# Java VM: OpenJDK 64-Bit Server VM (25.242-b01 mixed mode windows-amd64 compressed oops)
Heap:
 PSYoungGen      total 480256K, used 189616K [0x00000000e0000000, 0x0000000100000000, 0x0000000100000000)
  eden space 453632K, 41% used [0x00000000e0000000,0x00000000eb92c258,0x00000000fbb00000)
  from space 26624K, 0% used [0x00000000fdb80000,0x00000000fdb80000,0x00000000ff580000)
  to   space 33280K, 0% used [0x00000000fbb00000,0x00000000fbb00000,0x00000000fdb80000)
 ParOldGen       total 324096K, used 41087K [0x00000000a0000000, 0x00000000b3c80000, 0x00000000e0000000)
  object space 324096K, 12% used [0x00000000a0000000,0x00000000a281fc58,0x00000000b3c80000)
 Metaspace       used 67118K, capacity 70300K, committed 70440K, reserved 1110016K
  class space    used 9310K, capacity 9972K, committed 10032K, reserved 1048576K
GC Heap History (10 events):
Event: 5.734 GC heap before
{Heap before GC invocations=5 (full 1):
 PSYoungGen      total 212992K, used 174005K [0x00000000e0000000, 0x00000000fa000000, 0x0000000100000000)
  eden space 196608K, 88% used [0x00000000e0000000,0x00000000ea9ed688,0x00000000ec000000)
  from space 16384K, 0% used [0x00000000ec000000,0x00000000ec000000,0x00000000ed000000)
  to   space 16384K, 0% used [0x00000000f9000000,0x00000000f9000000,0x00000000fa000000)
 ParOldGen       total 135168K, used 7681K [0x00000000a0000000, 0x00000000a8400000, 0x00000000e0000000)
  object space 135168K, 5% used [0x00000000a0000000,0x00000000a0780798,0x00000000a8400000)
 Metaspace       used 34291K, capacity 35452K, committed 35496K, reserved 1079296K
  class space    used 4722K, capacity 5035K, committed 5040K, reserved 1048576K
Event: 5.764 GC heap after
Heap after GC invocations=5 (full 1):
 PSYoungGen      total 347648K, used 16370K [0x00000000e0000000, 0x00000000fa000000, 0x0000000100000000)
  eden space 331264K, 0% used [0x00000000e0000000,0x00000000e0000000,0x00000000f4380000)
  from space 16384K, 99% used [0x00000000f9000000,0x00000000f9ffcb38,0x00000000fa000000)
  to   space 16384K, 0% used [0x00000000f8000000,0x00000000f8000000,0x00000000f9000000)
 ParOldGen       total 135168K, used 7863K [0x00000000a0000000, 0x00000000a8400000, 0x00000000e0000000)
  object space 135168K, 5% used [0x00000000a0000000,0x00000000a07adf30,0x00000000a8400000)
 Metaspace       used 34291K, capacity 35452K, committed 35496K, reserved 1079296K
  class space    used 4722K, capacity 5035K, committed 5040K, reserved 1048576K
}
Event: 5.764 GC heap before
{Heap before GC invocations=6 (full 2):
 PSYoungGen      total 347648K, used 16370K [0x00000000e0000000, 0x00000000fa000000, 0x0000000100000000)
  eden space 331264K, 0% used [0x00000000e0000000,0x00000000e0000000,0x00000000f4380000)
  from space 16384K, 99% used [0x00000000f9000000,0x00000000f9ffcb38,0x00000000fa000000)
  to   space 16384K, 0% used [0x00000000f8000000,0x00000000f8000000,0x00000000f9000000)
 ParOldGen       total 135168K, used 7863K [0x00000000a0000000, 0x00000000a8400000, 0x00000000e0000000)
  object space 135168K, 5% used [0x00000000a0000000,0x00000000a07adf30,0x00000000a8400000)
 Metaspace       used 34291K, capacity 35452K, committed 35496K, reserved 1079296K
  class space    used 4722K, capacity 5035K, committed 5040K, reserved 1048576K
Event: 5.878 GC heap after
Heap after GC invocations=6 (full 2):
 PSYoungGen      total 347648K, used 0K [0x00000000e0000000, 0x00000000fa000000, 0x0000000100000000)
  eden space 331264K, 0% used [0x00000000e0000000,0x00000000e0000000,0x00000000f4380000)
  from space 16384K, 0% used [0x00000000f9000000,0x00000000f9000000,0x00000000fa000000)
  to   space 16384K, 0% used [0x00000000f8000000,0x00000000f8000000,0x00000000f9000000)
 ParOldGen       total 222720K, used 22464K [0x00000000a0000000, 0x00000000ad980000, 0x00000000e0000000)
  object space 222720K, 10% used [0x00000000a0000000,0x00000000a15f03b0,0x00000000ad980000)
 Metaspace       used 34291K, capacity 35452K, committed 35496K, reserved 1079296K
  class space    used 4722K, capacity 5035K, committed 5040K, reserved 1048576K
}
Event: 9.487 GC heap before
{Heap before GC invocations=7 (full 2):
 PSYoungGen      total 347648K, used 331264K [0x00000000e0000000, 0x00000000fa000000, 0x0000000100000000)
  eden space 331264K, 100% used [0x00000000e0000000,0x00000000f4380000,0x00000000f4380000)
  from space 16384K, 0% used [0x00000000f9000000,0x00000000f9000000,0x00000000fa000000)
  to   space 16384K, 0% used [0x00000000f8000000,0x00000000f8000000,0x00000000f9000000)
 ParOldGen       total 222720K, used 22464K [0x00000000a0000000, 0x00000000ad980000, 0x00000000e0000000)
  object space 222720K, 10% used [0x00000000a0000000,0x00000000a15f03b0,0x00000000ad980000)
 Metaspace       used 50868K, capacity 52818K, committed 53160K, reserved 1095680K
  class space    used 6851K, capacity 7294K, committed 7344K, reserved 1048576K
Event: 9.522 GC heap after
Heap after GC invocations=7 (full 2):
 PSYoungGen      total 409600K, used 16380K [0x00000000e0000000, 0x00000000ff580000, 0x0000000100000000)
  eden space 393216K, 0% used [0x00000000e0000000,0x00000000e0000000,0x00000000f8000000)
  from space 16384K, 99% used [0x00000000f8000000,0x00000000f8fff300,0x00000000f9000000)
  to   space 26624K, 0% used [0x00000000fdb80000,0x00000000fdb80000,0x00000000ff580000)
 ParOldGen       total 222720K, used 31382K [0x00000000a0000000, 0x00000000ad980000, 0x00000000e0000000)
  object space 222720K, 14% used [0x00000000a0000000,0x00000000a1ea58b0,0x00000000ad980000)
 Metaspace       used 50868K, capacity 52818K, committed 53160K, reserved 1095680K
  class space    used 6851K, capacity 7294K, committed 7344K, reserved 1048576K
}
Event: 11.350 GC heap before
{Heap before GC invocations=8 (full 2):
 PSYoungGen      total 409600K, used 161496K [0x00000000e0000000, 0x00000000ff580000, 0x0000000100000000)
  eden space 393216K, 36% used [0x00000000e0000000,0x00000000e8db6da8,0x00000000f8000000)
  from space 16384K, 99% used [0x00000000f8000000,0x00000000f8fff300,0x00000000f9000000)
  to   space 26624K, 0% used [0x00000000fdb80000,0x00000000fdb80000,0x00000000ff580000)
 ParOldGen       total 222720K, used 31382K [0x00000000a0000000, 0x00000000ad980000, 0x00000000e0000000)
  object space 222720K, 14% used [0x00000000a0000000,0x00000000a1ea58b0,0x00000000ad980000)
 Metaspace       used 56717K, capacity 59020K, committed 59160K, reserved 1099776K
  class space    used 7769K, capacity 8268K, committed 8368K, reserved 1048576K
Event: 11.404 GC heap after
Heap after GC invocations=8 (full 2):
 PSYoungGen      total 480256K, used 26612K [0x00000000e0000000, 0x0000000100000000, 0x0000000100000000)
  eden space 453632K, 0% used [0x00000000e0000000,0x00000000e0000000,0x00000000fbb00000)
  from space 26624K, 99% used [0x00000000fdb80000,0x00000000ff57d0e0,0x00000000ff580000)
  to   space 33280K, 0% used [0x00000000fbb00000,0x00000000fbb00000,0x00000000fdb80000)
 ParOldGen       total 222720K, used 33700K [0x00000000a0000000, 0x00000000ad980000, 0x00000000e0000000)
  object space 222720K, 15% used [0x00000000a0000000,0x00000000a20e9360,0x00000000ad980000)
 Metaspace       used 56717K, capacity 59020K, committed 59160K, reserved 1099776K
  class space    used 7769K, capacity 8268K, committed 8368K, reserved 1048576K
}
Event: 11.405 GC heap before
{Heap before GC invocations=9 (full 3):
 PSYoungGen      total 480256K, used 26612K [0x00000000e0000000, 0x0000000100000000, 0x0000000100000000)
  eden space 453632K, 0% used [0x00000000e0000000,0x00000000e0000000,0x00000000fbb00000)
  from space 26624K, 99% used [0x00000000fdb80000,0x00000000ff57d0e0,0x00000000ff580000)
  to   space 33280K, 0% used [0x00000000fbb00000,0x00000000fbb00000,0x00000000fdb80000)
 ParOldGen       total 222720K, used 33700K [0x00000000a0000000, 0x00000000ad980000, 0x00000000e0000000)
  object space 222720K, 15% used [0x00000000a0000000,0x00000000a20e9360,0x00000000ad980000)
 Metaspace       used 56717K, capacity 59020K, committed 59160K, reserved 1099776K
  class space    used 7769K, capacity 8268K, committed 8368K, reserved 1048576K
Event: 11.740 GC heap after
Heap after GC invocations=9 (full 3):
 PSYoungGen      total 480256K, used 0K [0x00000000e0000000, 0x0000000100000000, 0x0000000100000000)
  eden space 453632K, 0% used [0x00000000e0000000,0x00000000e0000000,0x00000000fbb00000)
  from space 26624K, 0% used [0x00000000fdb80000,0x00000000fdb80000,0x00000000ff580000)
  to   space 33280K, 0% used [0x00000000fbb00000,0x00000000fbb00000,0x00000000fdb80000)
 ParOldGen       total 324096K, used 41087K [0x00000000a0000000, 0x00000000b3c80000, 0x00000000e0000000)
  object space 324096K, 12% used [0x00000000a0000000,0x00000000a281fc58,0x00000000b3c80000)
 Metaspace       used 56703K, capacity 58972K, committed 59160K, reserved 1099776K
  class space    used 7765K, capacity 8260K, committed 8368K, reserved 1048576K
}

